TN:
SF:src/app.ts
FN:9,main
FNF:1
FNH:1
FNDA:1,main
DA:1,1
DA:2,1
DA:3,1
DA:4,1
DA:5,1
DA:6,1
DA:7,1
DA:8,1
DA:9,1
DA:10,1
DA:11,1
DA:12,1
DA:13,1
DA:14,1
DA:15,1
DA:16,1
LF:16
LH:16
BRDA:5,0,0,1
BRDA:9,1,0,1
BRF:2
BRH:2
end_of_record
TN:
SF:src/config/env.config.ts
FNF:0
FNH:0
DA:1,1
DA:2,1
DA:3,1
DA:4,1
DA:5,1
DA:6,1
DA:7,1
DA:8,1
LF:8
LH:8
BRF:0
BRH:0
end_of_record
TN:
SF:src/data/postgres/index.ts
FNF:0
FNH:0
DA:1,1
DA:2,1
DA:3,1
LF:3
LH:3
BRF:0
BRH:0
end_of_record
TN:
SF:src/domain/index.ts
FNF:0
FNH:0
DA:1,1
DA:2,1
DA:3,1
DA:4,1
DA:5,1
DA:6,1
LF:6
LH:6
BRF:0
BRH:0
end_of_record
TN:
SF:src/domain/dtos/todos/create-todo.dto.ts
FN:3,CreateTodoDto
FN:7,create
FNF:2
FNH:2
FNDA:1,CreateTodoDto
FNDA:3,create
DA:1,1
DA:2,1
DA:3,1
DA:4,1
DA:5,1
DA:6,1
DA:7,1
DA:8,3
DA:9,3
DA:10,3
DA:11,3
DA:12,1
DA:13,1
DA:14,1
DA:15,1
DA:16,1
LF:16
LH:16
BRDA:3,0,0,1
BRDA:7,1,0,3
BRDA:11,2,0,1
BRDA:11,3,0,2
BRDA:12,4,0,1
BRF:5
BRH:5
end_of_record
TN:
SF:src/domain/errors/custom.error.ts
FN:5,CustomErrors
FNF:1
FNH:1
FNDA:3,CustomErrors
DA:1,1
DA:2,1
DA:3,1
DA:4,1
DA:5,1
DA:6,3
DA:7,3
DA:8,3
DA:9,3
DA:10,3
DA:11,1
DA:12,1
LF:12
LH:12
BRDA:5,0,0,3
BRF:1
BRH:1
end_of_record
TN:
SF:src/infrastructure/datasource/todo.datasource.impl.ts
FN:7,create
FN:13,getlAll
FN:18,findById
FN:25,update
FN:35,delete
FNF:5
FNH:5
FNDA:1,create
FNDA:1,getlAll
FNDA:7,findById
FNDA:3,update
FNDA:2,delete
DA:1,1
DA:2,1
DA:3,1
DA:4,1
DA:5,1
DA:6,1
DA:7,1
DA:8,1
DA:9,1
DA:10,1
DA:11,1
DA:12,1
DA:13,1
DA:14,1
DA:15,1
DA:16,1
DA:17,1
DA:18,1
DA:19,7
DA:20,7
DA:21,3
DA:22,3
DA:23,4
DA:24,4
DA:25,1
DA:26,3
DA:27,2
DA:28,2
DA:29,2
DA:30,2
DA:31,2
DA:32,2
DA:33,2
DA:34,2
DA:35,1
DA:36,2
DA:37,1
DA:38,1
DA:39,1
DA:40,1
DA:41,1
DA:42,1
DA:43,1
LF:43
LH:43
BRDA:7,0,0,1
BRDA:13,1,0,1
BRDA:16,2,0,2
BRDA:18,3,0,7
BRDA:20,4,0,3
BRDA:23,5,0,4
BRDA:25,6,0,3
BRDA:27,7,0,2
BRDA:35,8,0,2
BRDA:37,9,0,1
BRF:10
BRH:10
end_of_record
TN:
SF:src/presentation/server.ts
FN:19,Server
FN:27,start
FN:53,close
FNF:3
FNH:3
FNDA:1,Server
FNDA:1,start
FNDA:1,close
DA:1,1
DA:2,1
DA:3,1
DA:4,1
DA:5,1
DA:6,1
DA:7,1
DA:8,1
DA:9,1
DA:10,1
DA:11,1
DA:12,1
DA:13,1
DA:14,1
DA:15,1
DA:16,1
DA:17,1
DA:18,1
DA:19,1
DA:20,1
DA:21,1
DA:22,1
DA:23,1
DA:24,1
DA:25,1
DA:26,1
DA:27,1
DA:28,1
DA:29,1
DA:30,1
DA:31,1
DA:32,1
DA:33,1
DA:34,1
DA:35,1
DA:36,1
DA:37,1
DA:38,1
DA:39,1
DA:40,1
DA:41,1
DA:42,0
DA:43,0
DA:44,0
DA:45,1
DA:46,1
DA:47,1
DA:48,1
DA:49,1
DA:50,1
DA:51,1
DA:52,1
DA:53,1
DA:54,1
DA:55,1
DA:56,1
LF:56
LH:53
BRDA:19,0,0,1
BRDA:27,1,0,1
BRDA:47,2,0,1
BRDA:53,3,0,1
BRDA:54,4,0,0
BRF:5
BRH:4
end_of_record
TN:
SF:src/presentation/todos/controller.ts
FN:8,TodosController
FN:12,TodosController.handleError
FN:20,TodosController.getTodos
FN:27,TodosController.getTodoById
FN:36,TodosController.createTodo
FN:47,TodosController.updateTodo
FN:62,TodosController.deleteTodo
FNF:7
FNH:7
FNDA:2,TodosController
FNDA:3,TodosController.handleError
FNDA:1,TodosController.getTodos
FNDA:2,TodosController.getTodoById
FNDA:3,TodosController.createTodo
FNDA:3,TodosController.updateTodo
FNDA:2,TodosController.deleteTodo
DA:1,1
DA:2,1
DA:3,1
DA:4,1
DA:5,1
DA:6,1
DA:7,1
DA:8,1
DA:9,2
DA:10,2
DA:11,1
DA:12,1
DA:13,3
DA:14,3
DA:15,3
DA:16,3
DA:17,0
DA:18,0
DA:19,1
DA:20,1
DA:21,1
DA:22,1
DA:23,1
DA:24,1
DA:25,1
DA:26,1
DA:27,1
DA:28,2
DA:29,2
DA:30,2
DA:31,2
DA:32,2
DA:33,2
DA:34,2
DA:35,1
DA:36,1
DA:37,3
DA:38,3
DA:39,3
DA:40,1
DA:41,1
DA:42,1
DA:43,1
DA:44,1
DA:45,1
DA:46,1
DA:47,1
DA:48,3
DA:49,3
DA:50,3
DA:51,3
DA:52,3
DA:53,3
DA:54,3
DA:55,3
DA:56,3
DA:57,3
DA:58,3
DA:59,3
DA:60,3
DA:61,1
DA:62,1
DA:63,2
DA:64,2
DA:65,2
DA:66,2
DA:67,2
DA:68,2
DA:69,2
DA:70,2
DA:71,1
DA:72,1
LF:72
LH:70
BRDA:8,0,0,2
BRDA:12,1,0,3
BRDA:16,2,0,0
BRDA:20,3,0,1
BRDA:23,4,0,1
BRDA:27,5,0,2
BRDA:32,6,0,1
BRDA:33,7,0,1
BRDA:36,8,0,3
BRDA:39,9,0,2
BRDA:40,10,0,1
BRDA:43,11,0,1
BRDA:47,12,0,3
BRDA:53,13,0,0
BRDA:57,14,0,2
BRDA:58,15,0,1
BRDA:62,16,0,2
BRDA:67,17,0,1
BRDA:68,18,0,1
BRF:19
BRH:17
end_of_record
TN:
SF:test/test-server.ts
FNF:0
FNH:0
DA:1,1
DA:2,1
DA:3,1
DA:4,1
DA:5,1
DA:6,1
DA:7,1
DA:8,1
DA:9,1
LF:9
LH:9
BRF:0
BRH:0
end_of_record
